<?xml version="1.0" encoding="UTF-8"?>
<testng-results ignored="0" total="1" passed="1" failed="0" skipped="0">
  <reporter-output>
  </reporter-output>
  <suite started-at="2022-10-04T19:44:43 IST" name="Default suite" finished-at="2022-10-04T19:45:03 IST" duration-ms="19842">
    <groups>
    </groups>
    <test started-at="2022-10-04T19:44:43 IST" name="Default test" finished-at="2022-10-04T19:45:03 IST" duration-ms="19842">
      <class name="ExtentReportPractice.ExtentReportDemoTC">
        <test-method is-config="true" signature="ExtentInitializer()[pri:0, instance:ExtentReportPractice.ExtentReportDemoTC@77888435]" started-at="2022-10-04T19:44:43 IST" name="ExtentInitializer" finished-at="2022-10-04T19:44:44 IST" duration-ms="1158" status="PASS">
          <reporter-output>
          </reporter-output>
        </test-method> <!-- ExtentInitializer -->
        <test-method signature="EndToEndTC()[pri:0, instance:ExtentReportPractice.ExtentReportDemoTC@77888435]" started-at="2022-10-04T19:44:44 IST" name="EndToEndTC" finished-at="2022-10-04T19:45:03 IST" duration-ms="18629" status="PASS">
          <reporter-output>
          </reporter-output>
        </test-method> <!-- EndToEndTC -->
      </class> <!-- ExtentReportPractice.ExtentReportDemoTC -->
    </test> <!-- Default test -->
  </suite> <!-- Default suite -->
</testng-results>
